La génération a démarré 15/05/2014 11:58:31.
     1>Projet "C:\Users\Nicolas\Desktop\ProjetsC++\Othello\Othello\Othello.vcxproj" sur le nœud 2 (Rebuild cible(s)).
     1>ClCompile:
         D:\Programes Files\VisualStudio2013\VC\bin\CL.exe /c /ID:\SFML\include /Zi /nologo /W3 /WX- /Od /Oy- /D _MBCS /Gm /EHsc /RTC1 /MDd /GS /fp:precise /Zc:wchar_t /Zc:forScope /Fo"Debug\\" /Fd"Debug\vc120.pdb" /Gd /TP /analyze- /errorReport:prompt Field.cpp Game.cpp GameWindow.cpp main.cpp MultiGameWindow.cpp Resources.cpp Window.cpp
         Window.cpp
         Resources.cpp
         MultiGameWindow.cpp
         main.cpp
         GameWindow.cpp
         Game.cpp
         Field.cpp
         Génération de code en cours...
       Link:
         D:\Programes Files\VisualStudio2013\VC\bin\link.exe /ERRORREPORT:PROMPT /OUT:"C:\Users\Nicolas\Desktop\ProjetsC++\Othello\Debug\Othello.exe" /INCREMENTAL /NOLOGO /LIBPATH:D:\SFML\lib "sfml-graphics-d.lib" "sfml-window-d.lib" "sfml-system-d.lib" kernel32.lib user32.lib gdi32.lib winspool.lib comdlg32.lib advapi32.lib shell32.lib ole32.lib oleaut32.lib uuid.lib odbc32.lib odbccp32.lib /MANIFEST /MANIFESTUAC:"level='asInvoker' uiAccess='false'" /manifest:embed /DEBUG /PDB:"C:\Users\Nicolas\Desktop\ProjetsC++\Othello\Debug\Othello.pdb" /TLBID:1 /DYNAMICBASE /NXCOMPAT /IMPLIB:"C:\Users\Nicolas\Desktop\ProjetsC++\Othello\Debug\Othello.lib" /MACHINE:X86 Debug\Field.obj
         Debug\Game.obj
         Debug\GameWindow.obj
         Debug\main.obj
         Debug\MultiGameWindow.obj
         Debug\Resources.obj
         Debug\Window.obj
         Othello.vcxproj -> C:\Users\Nicolas\Desktop\ProjetsC++\Othello\Debug\Othello.exe
     1>Génération du projet "C:\Users\Nicolas\Desktop\ProjetsC++\Othello\Othello\Othello.vcxproj" terminée (Rebuild cible(s)).

La génération a réussi.

Temps écoulé 00:00:04.60
