c:\users\nicolas\desktop\projetsc++\othello\othello\debug\vc120.pdb
c:\users\nicolas\desktop\projetsc++\othello\othello\debug\vc120.idb
c:\users\nicolas\desktop\projetsc++\othello\othello\debug\field.obj
c:\users\nicolas\desktop\projetsc++\othello\othello\debug\game.obj
c:\users\nicolas\desktop\projetsc++\othello\othello\debug\gamewindow.obj
c:\users\nicolas\desktop\projetsc++\othello\othello\debug\main.obj
c:\users\nicolas\desktop\projetsc++\othello\othello\debug\multigamewindow.obj
c:\users\nicolas\desktop\projetsc++\othello\othello\debug\resources.obj
c:\users\nicolas\desktop\projetsc++\othello\othello\debug\window.obj
c:\users\nicolas\desktop\projetsc++\othello\othello\debug\othello.vcxprojresolveassemblyreference.cache
c:\users\nicolas\desktop\projetsc++\othello\debug\othello.pdb
c:\users\nicolas\desktop\projetsc++\othello\othello\debug\othello.tlog\cl.command.1.tlog
c:\users\nicolas\desktop\projetsc++\othello\othello\debug\othello.tlog\cl.read.1.tlog
c:\users\nicolas\desktop\projetsc++\othello\othello\debug\othello.tlog\cl.write.1.tlog
c:\users\nicolas\desktop\projetsc++\othello\othello\debug\othello.tlog\link-cvtres.read.1.tlog
c:\users\nicolas\desktop\projetsc++\othello\othello\debug\othello.tlog\link-cvtres.write.1.tlog
c:\users\nicolas\desktop\projetsc++\othello\othello\debug\othello.tlog\link-rc.read.1.tlog
c:\users\nicolas\desktop\projetsc++\othello\othello\debug\othello.tlog\link-rc.write.1.tlog
c:\users\nicolas\desktop\projetsc++\othello\othello\debug\othello.tlog\link.command.1.tlog
c:\users\nicolas\desktop\projetsc++\othello\othello\debug\othello.tlog\link.read.1.tlog
c:\users\nicolas\desktop\projetsc++\othello\othello\debug\othello.tlog\link.read.2.tlog
c:\users\nicolas\desktop\projetsc++\othello\othello\debug\othello.tlog\link.write.1.tlog
